c:\users\dbv40\downloads\nigg-clientanal-master\nigg-clientanal-master\iris\x64\debug\vc143.pdb
c:\users\dbv40\downloads\nigg-clientanal-master\nigg-clientanal-master\iris\x64\debug\vc143.idb
c:\users\dbv40\downloads\nigg-clientanal-master\nigg-clientanal-master\iris\x64\debug\gifutil.obj
c:\users\dbv40\downloads\nigg-clientanal-master\nigg-clientanal-master\iris\x64\debug\kiero.obj
c:\users\dbv40\downloads\nigg-clientanal-master\nigg-clientanal-master\iris\x64\debug\imgui_widgets.obj
c:\users\dbv40\downloads\nigg-clientanal-master\nigg-clientanal-master\iris\x64\debug\imgui_tables.obj
c:\users\dbv40\downloads\nigg-clientanal-master\nigg-clientanal-master\iris\x64\debug\imgui_impl_win32.obj
c:\users\dbv40\downloads\nigg-clientanal-master\nigg-clientanal-master\iris\x64\debug\imgui_impl_dx12.obj
c:\users\dbv40\downloads\nigg-clientanal-master\nigg-clientanal-master\iris\x64\debug\imgui_impl_dx11.obj
c:\users\dbv40\downloads\nigg-clientanal-master\nigg-clientanal-master\iris\x64\debug\imgui_draw.obj
c:\users\dbv40\downloads\nigg-clientanal-master\nigg-clientanal-master\iris\x64\debug\imgui_demo.obj
c:\users\dbv40\downloads\nigg-clientanal-master\nigg-clientanal-master\iris\x64\debug\imgui.obj
c:\users\dbv40\downloads\nigg-clientanal-master\nigg-clientanal-master\iris\x64\debug\dllmain.obj
c:\users\dbv40\downloads\nigg-clientanal-master\nigg-clientanal-master\iris\x64\debug\trampoline.obj
c:\users\dbv40\downloads\nigg-clientanal-master\nigg-clientanal-master\iris\x64\debug\hook.obj
c:\users\dbv40\downloads\nigg-clientanal-master\nigg-clientanal-master\iris\x64\debug\hde64.obj
c:\users\dbv40\downloads\nigg-clientanal-master\nigg-clientanal-master\iris\x64\debug\hde32.obj
c:\users\dbv40\downloads\nigg-clientanal-master\nigg-clientanal-master\iris\x64\debug\buffer.obj
c:\users\dbv40\downloads\nigg-clientanal-master\nigg-clientanal-master\x64\debug\iris.dll
c:\users\dbv40\downloads\nigg-clientanal-master\nigg-clientanal-master\iris\x64\debug\iris.ilk
c:\users\dbv40\downloads\nigg-clientanal-master\nigg-clientanal-master\x64\debug\iris.pdb
c:\users\dbv40\downloads\nigg-clientanal-master\nigg-clientanal-master\iris\x64\debug\iris.tlog\cl.command.1.tlog
c:\users\dbv40\downloads\nigg-clientanal-master\nigg-clientanal-master\iris\x64\debug\iris.tlog\cl.items.tlog
c:\users\dbv40\downloads\nigg-clientanal-master\nigg-clientanal-master\iris\x64\debug\iris.tlog\cl.read.1.tlog
c:\users\dbv40\downloads\nigg-clientanal-master\nigg-clientanal-master\iris\x64\debug\iris.tlog\cl.write.1.tlog
c:\users\dbv40\downloads\nigg-clientanal-master\nigg-clientanal-master\iris\x64\debug\iris.tlog\link.command.1.tlog
c:\users\dbv40\downloads\nigg-clientanal-master\nigg-clientanal-master\iris\x64\debug\iris.tlog\link.read.1.tlog
c:\users\dbv40\downloads\nigg-clientanal-master\nigg-clientanal-master\iris\x64\debug\iris.tlog\link.write.1.tlog
